Analysis & Synthesis report for top
Thu Jun  7 08:58:48 2018
Quartus II 64-Bit Version 13.0.1 Build 232 06/12/2013 Service Pack 1 SJ Web Edition


---------------------
; Table of Contents ;
---------------------
  1. Legal Notice
  2. Analysis & Synthesis Summary
  3. Analysis & Synthesis Settings
  4. Parallel Compilation
  5. Analysis & Synthesis Source Files Read
  6. Analysis & Synthesis Resource Usage Summary
  7. Analysis & Synthesis Resource Utilization by Entity
  8. State Machine - |top|bc:bc1|state
  9. General Register Statistics
 10. Port Connectivity Checks: "bo:bo1|mux2para1:mux3"
 11. Port Connectivity Checks: "bo:bo1"
 12. Elapsed Time Per Partition
 13. Analysis & Synthesis Messages



----------------
; Legal Notice ;
----------------
Copyright (C) 1991-2013 Altera Corporation
Your use of Altera Corporation's design tools, logic functions 
and other software and tools, and its AMPP partner logic 
functions, and any output files from any of the foregoing 
(including device programming or simulation files), and any 
associated documentation or information are expressly subject 
to the terms and conditions of the Altera Program License 
Subscription Agreement, Altera MegaCore Function License 
Agreement, or other applicable license agreement, including, 
without limitation, that your use is for the sole purpose of 
programming logic devices manufactured by Altera and sold by 
Altera or its authorized distributors.  Please refer to the 
applicable agreement for further details.



+--------------------------------------------------------------------------------------+
; Analysis & Synthesis Summary                                                         ;
+------------------------------------+-------------------------------------------------+
; Analysis & Synthesis Status        ; Successful - Thu Jun  7 08:58:48 2018           ;
; Quartus II 64-Bit Version          ; 13.0.1 Build 232 06/12/2013 SP 1 SJ Web Edition ;
; Revision Name                      ; top                                             ;
; Top-level Entity Name              ; top                                             ;
; Family                             ; Cyclone II                                      ;
; Total logic elements               ; 29                                              ;
;     Total combinational functions  ; 24                                              ;
;     Dedicated logic registers      ; 18                                              ;
; Total registers                    ; 18                                              ;
; Total pins                         ; 16                                              ;
; Total virtual pins                 ; 0                                               ;
; Total memory bits                  ; 0                                               ;
; Embedded Multiplier 9-bit elements ; 0                                               ;
; Total PLLs                         ; 0                                               ;
+------------------------------------+-------------------------------------------------+


+----------------------------------------------------------------------------------------------------------------------+
; Analysis & Synthesis Settings                                                                                        ;
+----------------------------------------------------------------------------+--------------------+--------------------+
; Option                                                                     ; Setting            ; Default Value      ;
+----------------------------------------------------------------------------+--------------------+--------------------+
; Device                                                                     ; EP2C35F672C6       ;                    ;
; Top-level entity name                                                      ; top                ; top                ;
; Family name                                                                ; Cyclone II         ; Cyclone IV GX      ;
; VHDL Show LMF Mapping Messages                                             ; Off                ;                    ;
; VHDL Version                                                               ; VHDL_2008          ; VHDL_1993          ;
; Use smart compilation                                                      ; Off                ; Off                ;
; Enable parallel Assembler and TimeQuest Timing Analyzer during compilation ; On                 ; On                 ;
; Enable compact report table                                                ; Off                ; Off                ;
; Restructure Multiplexers                                                   ; Auto               ; Auto               ;
; Create Debugging Nodes for IP Cores                                        ; Off                ; Off                ;
; Preserve fewer node names                                                  ; On                 ; On                 ;
; Disable OpenCore Plus hardware evaluation                                  ; Off                ; Off                ;
; Verilog Version                                                            ; Verilog_2001       ; Verilog_2001       ;
; State Machine Processing                                                   ; Auto               ; Auto               ;
; Safe State Machine                                                         ; Off                ; Off                ;
; Extract Verilog State Machines                                             ; On                 ; On                 ;
; Extract VHDL State Machines                                                ; On                 ; On                 ;
; Ignore Verilog initial constructs                                          ; Off                ; Off                ;
; Iteration limit for constant Verilog loops                                 ; 5000               ; 5000               ;
; Iteration limit for non-constant Verilog loops                             ; 250                ; 250                ;
; Add Pass-Through Logic to Inferred RAMs                                    ; On                 ; On                 ;
; Infer RAMs from Raw Logic                                                  ; On                 ; On                 ;
; Parallel Synthesis                                                         ; On                 ; On                 ;
; DSP Block Balancing                                                        ; Auto               ; Auto               ;
; NOT Gate Push-Back                                                         ; On                 ; On                 ;
; Power-Up Don't Care                                                        ; On                 ; On                 ;
; Remove Redundant Logic Cells                                               ; Off                ; Off                ;
; Remove Duplicate Registers                                                 ; On                 ; On                 ;
; Ignore CARRY Buffers                                                       ; Off                ; Off                ;
; Ignore CASCADE Buffers                                                     ; Off                ; Off                ;
; Ignore GLOBAL Buffers                                                      ; Off                ; Off                ;
; Ignore ROW GLOBAL Buffers                                                  ; Off                ; Off                ;
; Ignore LCELL Buffers                                                       ; Off                ; Off                ;
; Ignore SOFT Buffers                                                        ; On                 ; On                 ;
; Limit AHDL Integers to 32 Bits                                             ; Off                ; Off                ;
; Optimization Technique                                                     ; Balanced           ; Balanced           ;
; Carry Chain Length                                                         ; 70                 ; 70                 ;
; Auto Carry Chains                                                          ; On                 ; On                 ;
; Auto Open-Drain Pins                                                       ; On                 ; On                 ;
; Perform WYSIWYG Primitive Resynthesis                                      ; Off                ; Off                ;
; Auto ROM Replacement                                                       ; On                 ; On                 ;
; Auto RAM Replacement                                                       ; On                 ; On                 ;
; Auto Shift Register Replacement                                            ; Auto               ; Auto               ;
; Allow Shift Register Merging across Hierarchies                            ; Auto               ; Auto               ;
; Auto Clock Enable Replacement                                              ; On                 ; On                 ;
; Strict RAM Replacement                                                     ; Off                ; Off                ;
; Allow Synchronous Control Signals                                          ; On                 ; On                 ;
; Force Use of Synchronous Clear Signals                                     ; Off                ; Off                ;
; Auto RAM to Logic Cell Conversion                                          ; Off                ; Off                ;
; Auto Resource Sharing                                                      ; Off                ; Off                ;
; Allow Any RAM Size For Recognition                                         ; Off                ; Off                ;
; Allow Any ROM Size For Recognition                                         ; Off                ; Off                ;
; Allow Any Shift Register Size For Recognition                              ; Off                ; Off                ;
; Use LogicLock Constraints during Resource Balancing                        ; On                 ; On                 ;
; Ignore translate_off and synthesis_off directives                          ; Off                ; Off                ;
; Timing-Driven Synthesis                                                    ; Off                ; Off                ;
; Report Parameter Settings                                                  ; On                 ; On                 ;
; Report Source Assignments                                                  ; On                 ; On                 ;
; Report Connectivity Checks                                                 ; On                 ; On                 ;
; Ignore Maximum Fan-Out Assignments                                         ; Off                ; Off                ;
; Synchronization Register Chain Length                                      ; 2                  ; 2                  ;
; PowerPlay Power Optimization                                               ; Normal compilation ; Normal compilation ;
; HDL message level                                                          ; Level2             ; Level2             ;
; Suppress Register Optimization Related Messages                            ; Off                ; Off                ;
; Number of Removed Registers Reported in Synthesis Report                   ; 5000               ; 5000               ;
; Number of Swept Nodes Reported in Synthesis Report                         ; 5000               ; 5000               ;
; Number of Inverted Registers Reported in Synthesis Report                  ; 100                ; 100                ;
; Clock MUX Protection                                                       ; On                 ; On                 ;
; Auto Gated Clock Conversion                                                ; Off                ; Off                ;
; Block Design Naming                                                        ; Auto               ; Auto               ;
; SDC constraint protection                                                  ; Off                ; Off                ;
; Synthesis Effort                                                           ; Auto               ; Auto               ;
; Shift Register Replacement - Allow Asynchronous Clear Signal               ; On                 ; On                 ;
; Pre-Mapping Resynthesis Optimization                                       ; Off                ; Off                ;
; Analysis & Synthesis Message Level                                         ; Medium             ; Medium             ;
; Disable Register Merging Across Hierarchies                                ; Auto               ; Auto               ;
; Resource Aware Inference For Block RAM                                     ; On                 ; On                 ;
; Synthesis Seed                                                             ; 1                  ; 1                  ;
+----------------------------------------------------------------------------+--------------------+--------------------+


Parallel compilation was disabled, but you have multiple processors available. Enable parallel compilation to reduce compilation time.
+-------------------------------------+
; Parallel Compilation                ;
+----------------------------+--------+
; Processors                 ; Number ;
+----------------------------+--------+
; Number detected on machine ; 4      ;
; Maximum allowed            ; 1      ;
+----------------------------+--------+


+------------------------------------------------------------------------------------------------------------------------------------------------------+
; Analysis & Synthesis Source Files Read                                                                                                               ;
+----------------------------------+-----------------+-----------------+---------------------------------------------------------------------+---------+
; File Name with User-Entered Path ; Used in Netlist ; File Type       ; File Name with Absolute Path                                        ; Library ;
+----------------------------------+-----------------+-----------------+---------------------------------------------------------------------+---------+
; top.vhd                          ; yes             ; User VHDL File  ; /home/100000000820483/Documentos/Multiplicador/top.vhd              ;         ;
; somadorsubtrator.vhd             ; yes             ; User VHDL File  ; /home/100000000820483/Documentos/Multiplicador/somadorsubtrator.vhd ;         ;
; registrador_r.vhd                ; yes             ; User VHDL File  ; /home/100000000820483/Documentos/Multiplicador/registrador_r.vhd    ;         ;
; registrador.vhd                  ; yes             ; User VHDL File  ; /home/100000000820483/Documentos/Multiplicador/registrador.vhd      ;         ;
; mux2para1.vhd                    ; yes             ; User VHDL File  ; /home/100000000820483/Documentos/Multiplicador/mux2para1.vhd        ;         ;
; igualazero.vhd                   ; yes             ; User VHDL File  ; /home/100000000820483/Documentos/Multiplicador/igualazero.vhd       ;         ;
; bo.vhd                           ; yes             ; User VHDL File  ; /home/100000000820483/Documentos/Multiplicador/bo.vhd               ;         ;
; bc.vhd                           ; yes             ; User VHDL File  ; /home/100000000820483/Documentos/Multiplicador/bc.vhd               ;         ;
+----------------------------------+-----------------+-----------------+---------------------------------------------------------------------+---------+


+-----------------------------------------------------+
; Analysis & Synthesis Resource Usage Summary         ;
+---------------------------------------------+-------+
; Resource                                    ; Usage ;
+---------------------------------------------+-------+
; Estimated Total logic elements              ; 29    ;
;                                             ;       ;
; Total combinational functions               ; 24    ;
; Logic element usage by number of LUT inputs ;       ;
;     -- 4 input functions                    ; 2     ;
;     -- 3 input functions                    ; 14    ;
;     -- <=2 input functions                  ; 8     ;
;                                             ;       ;
; Logic elements by mode                      ;       ;
;     -- normal mode                          ; 20    ;
;     -- arithmetic mode                      ; 4     ;
;                                             ;       ;
; Total registers                             ; 18    ;
;     -- Dedicated logic registers            ; 18    ;
;     -- I/O registers                        ; 0     ;
;                                             ;       ;
; I/O pins                                    ; 16    ;
; Embedded Multiplier 9-bit elements          ; 0     ;
; Maximum fan-out node                        ; clk   ;
; Maximum fan-out                             ; 18    ;
; Total fan-out                               ; 129   ;
; Average fan-out                             ; 2.22  ;
+---------------------------------------------+-------+


+----------------------------------------------------------------------------------------------------------------------------------------------------------------------------------------------------+
; Analysis & Synthesis Resource Utilization by Entity                                                                                                                                                ;
+----------------------------------+-------------------+--------------+-------------+--------------+---------+-----------+------+--------------+--------------------------------------+--------------+
; Compilation Hierarchy Node       ; LC Combinationals ; LC Registers ; Memory Bits ; DSP Elements ; DSP 9x9 ; DSP 18x18 ; Pins ; Virtual Pins ; Full Hierarchy Name                  ; Library Name ;
+----------------------------------+-------------------+--------------+-------------+--------------+---------+-----------+------+--------------+--------------------------------------+--------------+
; |top                             ; 24 (0)            ; 18 (0)       ; 0           ; 0            ; 0       ; 0         ; 16   ; 0            ; |top                                 ; work         ;
;    |bc:bc1|                      ; 5 (5)             ; 6 (6)        ; 0           ; 0            ; 0       ; 0         ; 0    ; 0            ; |top|bc:bc1                          ; work         ;
;    |bo:bo1|                      ; 19 (0)            ; 12 (0)       ; 0           ; 0            ; 0       ; 0         ; 0    ; 0            ; |top|bo:bo1                          ; work         ;
;       |igualazero:geraAz|        ; 1 (1)             ; 0 (0)        ; 0           ; 0            ; 0       ; 0         ; 0    ; 0            ; |top|bo:bo1|igualazero:geraAz        ; work         ;
;       |igualazero:geraBz|        ; 1 (1)             ; 0 (0)        ; 0           ; 0            ; 0       ; 0         ; 0    ; 0            ; |top|bo:bo1|igualazero:geraBz        ; work         ;
;       |mux2para1:mux1|           ; 4 (4)             ; 0 (0)        ; 0           ; 0            ; 0       ; 0         ; 0    ; 0            ; |top|bo:bo1|mux2para1:mux1           ; work         ;
;       |mux2para1:mux2|           ; 4 (4)             ; 0 (0)        ; 0           ; 0            ; 0       ; 0         ; 0    ; 0            ; |top|bo:bo1|mux2para1:mux2           ; work         ;
;       |registrador:regA|         ; 0 (0)             ; 4 (4)        ; 0           ; 0            ; 0       ; 0         ; 0    ; 0            ; |top|bo:bo1|registrador:regA         ; work         ;
;       |registrador:regB|         ; 0 (0)             ; 4 (4)        ; 0           ; 0            ; 0       ; 0         ; 0    ; 0            ; |top|bo:bo1|registrador:regB         ; work         ;
;       |registrador_r:regP|       ; 0 (0)             ; 4 (4)        ; 0           ; 0            ; 0       ; 0         ; 0    ; 0            ; |top|bo:bo1|registrador_r:regP       ; work         ;
;       |somadorsubtrator:somasub| ; 9 (9)             ; 0 (0)        ; 0           ; 0            ; 0       ; 0         ; 0    ; 0            ; |top|bo:bo1|somadorsubtrator:somasub ; work         ;
+----------------------------------+-------------------+--------------+-------------+--------------+---------+-----------+------+--------------+--------------------------------------+--------------+
Note: For table entries with two numbers listed, the numbers in parentheses indicate the number of resources of the given type used by the specific entity alone. The numbers listed outside of parentheses indicate the total resources of the given type used by the specific entity and all of its sub-entities in the hierarchy.


Encoding Type:  One-Hot
+----------------------------------------------------------------------------+
; State Machine - |top|bc:bc1|state                                          ;
+----------+----------+----------+----------+----------+----------+----------+
; Name     ; state.S5 ; state.S4 ; state.S3 ; state.S2 ; state.S1 ; state.S0 ;
+----------+----------+----------+----------+----------+----------+----------+
; state.S0 ; 0        ; 0        ; 0        ; 0        ; 0        ; 0        ;
; state.S1 ; 0        ; 0        ; 0        ; 0        ; 1        ; 1        ;
; state.S2 ; 0        ; 0        ; 0        ; 1        ; 0        ; 1        ;
; state.S3 ; 0        ; 0        ; 1        ; 0        ; 0        ; 1        ;
; state.S4 ; 0        ; 1        ; 0        ; 0        ; 0        ; 1        ;
; state.S5 ; 1        ; 0        ; 0        ; 0        ; 0        ; 1        ;
+----------+----------+----------+----------+----------+----------+----------+


+------------------------------------------------------+
; General Register Statistics                          ;
+----------------------------------------------+-------+
; Statistic                                    ; Value ;
+----------------------------------------------+-------+
; Total registers                              ; 18    ;
; Number of registers using Synchronous Clear  ; 0     ;
; Number of registers using Synchronous Load   ; 0     ;
; Number of registers using Asynchronous Clear ; 10    ;
; Number of registers using Asynchronous Load  ; 0     ;
; Number of registers using Clock Enable       ; 12    ;
; Number of registers using Preset             ; 0     ;
+----------------------------------------------+-------+


+---------------------------------------------------+
; Port Connectivity Checks: "bo:bo1|mux2para1:mux3" ;
+---------+-------+----------+----------------------+
; Port    ; Type  ; Severity ; Details              ;
+---------+-------+----------+----------------------+
; b[3..1] ; Input ; Info     ; Stuck at GND         ;
; b[0]    ; Input ; Info     ; Stuck at VCC         ;
+---------+-------+----------+----------------------+


+---------------------------------------------------------------------------------------------------------------------+
; Port Connectivity Checks: "bo:bo1"                                                                                  ;
+-----------+--------+----------+-------------------------------------------------------------------------------------+
; Port      ; Type   ; Severity ; Details                                                                             ;
+-----------+--------+----------+-------------------------------------------------------------------------------------+
; conteudoa ; Output ; Info     ; Connected to dangling logic. Logic that only feeds a dangling port will be removed. ;
; conteudob ; Output ; Info     ; Connected to dangling logic. Logic that only feeds a dangling port will be removed. ;
+-----------+--------+----------+-------------------------------------------------------------------------------------+


+-------------------------------+
; Elapsed Time Per Partition    ;
+----------------+--------------+
; Partition Name ; Elapsed Time ;
+----------------+--------------+
; Top            ; 00:00:00     ;
+----------------+--------------+


+-------------------------------+
; Analysis & Synthesis Messages ;
+-------------------------------+
Info: *******************************************************************
Info: Running Quartus II 64-Bit Analysis & Synthesis
    Info: Version 13.0.1 Build 232 06/12/2013 Service Pack 1 SJ Web Edition
    Info: Processing started: Thu Jun  7 08:58:47 2018
Info: Command: quartus_map --read_settings_files=on --write_settings_files=off top -c top
Warning (20028): Parallel compilation is not licensed and has been disabled
Info (12021): Found 2 design units, including 1 entities, in source file top.vhd
    Info (12022): Found design unit 1: top-estrutura
    Info (12023): Found entity 1: top
Info (12021): Found 2 design units, including 1 entities, in source file somadorsubtrator.vhd
    Info (12022): Found design unit 1: somadorsubtrator-estrutura
    Info (12023): Found entity 1: somadorsubtrator
Info (12021): Found 2 design units, including 1 entities, in source file registrador_r.vhd
    Info (12022): Found design unit 1: registrador_r-estrutura
    Info (12023): Found entity 1: registrador_r
Info (12021): Found 2 design units, including 1 entities, in source file registrador.vhd
    Info (12022): Found design unit 1: registrador-estrutura
    Info (12023): Found entity 1: registrador
Info (12021): Found 2 design units, including 1 entities, in source file mux2para1.vhd
    Info (12022): Found design unit 1: mux2para1-comportamento
    Info (12023): Found entity 1: mux2para1
Info (12021): Found 2 design units, including 1 entities, in source file igualazero.vhd
    Info (12022): Found design unit 1: igualazero-estrutura
    Info (12023): Found entity 1: igualazero
Info (12021): Found 2 design units, including 1 entities, in source file bo.vhd
    Info (12022): Found design unit 1: bo-estrutura
    Info (12023): Found entity 1: bo
Info (12021): Found 2 design units, including 1 entities, in source file bc.vhd
    Info (12022): Found design unit 1: bc-estrutura
    Info (12023): Found entity 1: bc
Info (12127): Elaborating entity "top" for the top level hierarchy
Warning (10036): Verilog HDL or VHDL warning at top.vhd(18): object "conteudoA" assigned a value but never read
Warning (10036): Verilog HDL or VHDL warning at top.vhd(18): object "conteudoB" assigned a value but never read
Info (12128): Elaborating entity "bo" for hierarchy "bo:bo1"
Info (12128): Elaborating entity "mux2para1" for hierarchy "bo:bo1|mux2para1:mux1"
Info (12128): Elaborating entity "registrador_r" for hierarchy "bo:bo1|registrador_r:regP"
Warning (10492): VHDL Process Statement warning at registrador_r.vhd(17): signal "carga" is read inside the Process Statement but isn't in the Process Statement's sensitivity list
Info (12128): Elaborating entity "registrador" for hierarchy "bo:bo1|registrador:regA"
Warning (10492): VHDL Process Statement warning at registrador.vhd(15): signal "carga" is read inside the Process Statement but isn't in the Process Statement's sensitivity list
Info (12128): Elaborating entity "somadorsubtrator" for hierarchy "bo:bo1|somadorsubtrator:somasub"
Info (12128): Elaborating entity "igualazero" for hierarchy "bo:bo1|igualazero:geraAz"
Info (12128): Elaborating entity "bc" for hierarchy "bc:bc1"
Info (16010): Generating hard_block partition "hard_block:auto_generated_inst"
    Info (16011): Adding 0 node(s), including 0 DDIO, 0 PLL, 0 transceiver and 0 LCELL
Info (21057): Implemented 50 device resources after synthesis - the final resource count might be different
    Info (21058): Implemented 11 input pins
    Info (21059): Implemented 5 output pins
    Info (21061): Implemented 34 logic cells
Info: Quartus II 64-Bit Analysis & Synthesis was successful. 0 errors, 5 warnings
    Info: Peak virtual memory: 665 megabytes
    Info: Processing ended: Thu Jun  7 08:58:48 2018
    Info: Elapsed time: 00:00:01
    Info: Total CPU time (on all processors): 00:00:01


