Analysis & Synthesis report for top
Thu Jun  7 08:51:41 2018
Quartus II 64-Bit Version 13.0.1 Build 232 06/12/2013 Service Pack 1 SJ Web Edition


---------------------
; Table of Contents ;
---------------------
  1. Legal Notice
  2. Analysis & Synthesis Summary
  3. Analysis & Synthesis Settings
  4. Parallel Compilation
  5. Analysis & Synthesis Source Files Read
  6. Analysis & Synthesis Resource Usage Summary
  7. Analysis & Synthesis Resource Utilization by Entity
  8. General Register Statistics
  9. Multiplexer Restructuring Statistics (Restructuring Performed)
 10. Elapsed Time Per Partition
 11. Analysis & Synthesis Messages



----------------
; Legal Notice ;
----------------
Copyright (C) 1991-2013 Altera Corporation
Your use of Altera Corporation's design tools, logic functions 
and other software and tools, and its AMPP partner logic 
functions, and any output files from any of the foregoing 
(including device programming or simulation files), and any 
associated documentation or information are expressly subject 
to the terms and conditions of the Altera Program License 
Subscription Agreement, Altera MegaCore Function License 
Agreement, or other applicable license agreement, including, 
without limitation, that your use is for the sole purpose of 
programming logic devices manufactured by Altera and sold by 
Altera or its authorized distributors.  Please refer to the 
applicable agreement for further details.



+--------------------------------------------------------------------------------------+
; Analysis & Synthesis Summary                                                         ;
+------------------------------------+-------------------------------------------------+
; Analysis & Synthesis Status        ; Successful - Thu Jun  7 08:51:40 2018           ;
; Quartus II 64-Bit Version          ; 13.0.1 Build 232 06/12/2013 SP 1 SJ Web Edition ;
; Revision Name                      ; top                                             ;
; Top-level Entity Name              ; top                                             ;
; Family                             ; Cyclone II                                      ;
; Total logic elements               ; 2,562                                           ;
;     Total combinational functions  ; 1,570                                           ;
;     Dedicated logic registers      ; 1,024                                           ;
; Total registers                    ; 1024                                            ;
; Total pins                         ; 154                                             ;
; Total virtual pins                 ; 0                                               ;
; Total memory bits                  ; 0                                               ;
; Embedded Multiplier 9-bit elements ; 0                                               ;
; Total PLLs                         ; 0                                               ;
+------------------------------------+-------------------------------------------------+


+----------------------------------------------------------------------------------------------------------------------+
; Analysis & Synthesis Settings                                                                                        ;
+----------------------------------------------------------------------------+--------------------+--------------------+
; Option                                                                     ; Setting            ; Default Value      ;
+----------------------------------------------------------------------------+--------------------+--------------------+
; Device                                                                     ; EP2C35F672C6       ;                    ;
; Top-level entity name                                                      ; top                ; top                ;
; Family name                                                                ; Cyclone II         ; Cyclone IV GX      ;
; VHDL Show LMF Mapping Messages                                             ; Off                ;                    ;
; VHDL Version                                                               ; VHDL_2008          ; VHDL_1993          ;
; Use smart compilation                                                      ; Off                ; Off                ;
; Enable parallel Assembler and TimeQuest Timing Analyzer during compilation ; On                 ; On                 ;
; Enable compact report table                                                ; Off                ; Off                ;
; Restructure Multiplexers                                                   ; Auto               ; Auto               ;
; Create Debugging Nodes for IP Cores                                        ; Off                ; Off                ;
; Preserve fewer node names                                                  ; On                 ; On                 ;
; Disable OpenCore Plus hardware evaluation                                  ; Off                ; Off                ;
; Verilog Version                                                            ; Verilog_2001       ; Verilog_2001       ;
; State Machine Processing                                                   ; Auto               ; Auto               ;
; Safe State Machine                                                         ; Off                ; Off                ;
; Extract Verilog State Machines                                             ; On                 ; On                 ;
; Extract VHDL State Machines                                                ; On                 ; On                 ;
; Ignore Verilog initial constructs                                          ; Off                ; Off                ;
; Iteration limit for constant Verilog loops                                 ; 5000               ; 5000               ;
; Iteration limit for non-constant Verilog loops                             ; 250                ; 250                ;
; Add Pass-Through Logic to Inferred RAMs                                    ; On                 ; On                 ;
; Infer RAMs from Raw Logic                                                  ; On                 ; On                 ;
; Parallel Synthesis                                                         ; On                 ; On                 ;
; DSP Block Balancing                                                        ; Auto               ; Auto               ;
; NOT Gate Push-Back                                                         ; On                 ; On                 ;
; Power-Up Don't Care                                                        ; On                 ; On                 ;
; Remove Redundant Logic Cells                                               ; Off                ; Off                ;
; Remove Duplicate Registers                                                 ; On                 ; On                 ;
; Ignore CARRY Buffers                                                       ; Off                ; Off                ;
; Ignore CASCADE Buffers                                                     ; Off                ; Off                ;
; Ignore GLOBAL Buffers                                                      ; Off                ; Off                ;
; Ignore ROW GLOBAL Buffers                                                  ; Off                ; Off                ;
; Ignore LCELL Buffers                                                       ; Off                ; Off                ;
; Ignore SOFT Buffers                                                        ; On                 ; On                 ;
; Limit AHDL Integers to 32 Bits                                             ; Off                ; Off                ;
; Optimization Technique                                                     ; Balanced           ; Balanced           ;
; Carry Chain Length                                                         ; 70                 ; 70                 ;
; Auto Carry Chains                                                          ; On                 ; On                 ;
; Auto Open-Drain Pins                                                       ; On                 ; On                 ;
; Perform WYSIWYG Primitive Resynthesis                                      ; Off                ; Off                ;
; Auto ROM Replacement                                                       ; On                 ; On                 ;
; Auto RAM Replacement                                                       ; On                 ; On                 ;
; Auto Shift Register Replacement                                            ; Auto               ; Auto               ;
; Allow Shift Register Merging across Hierarchies                            ; Auto               ; Auto               ;
; Auto Clock Enable Replacement                                              ; On                 ; On                 ;
; Strict RAM Replacement                                                     ; Off                ; Off                ;
; Allow Synchronous Control Signals                                          ; On                 ; On                 ;
; Force Use of Synchronous Clear Signals                                     ; Off                ; Off                ;
; Auto RAM to Logic Cell Conversion                                          ; Off                ; Off                ;
; Auto Resource Sharing                                                      ; Off                ; Off                ;
; Allow Any RAM Size For Recognition                                         ; Off                ; Off                ;
; Allow Any ROM Size For Recognition                                         ; Off                ; Off                ;
; Allow Any Shift Register Size For Recognition                              ; Off                ; Off                ;
; Use LogicLock Constraints during Resource Balancing                        ; On                 ; On                 ;
; Ignore translate_off and synthesis_off directives                          ; Off                ; Off                ;
; Timing-Driven Synthesis                                                    ; Off                ; Off                ;
; Report Parameter Settings                                                  ; On                 ; On                 ;
; Report Source Assignments                                                  ; On                 ; On                 ;
; Report Connectivity Checks                                                 ; On                 ; On                 ;
; Ignore Maximum Fan-Out Assignments                                         ; Off                ; Off                ;
; Synchronization Register Chain Length                                      ; 2                  ; 2                  ;
; PowerPlay Power Optimization                                               ; Normal compilation ; Normal compilation ;
; HDL message level                                                          ; Level2             ; Level2             ;
; Suppress Register Optimization Related Messages                            ; Off                ; Off                ;
; Number of Removed Registers Reported in Synthesis Report                   ; 5000               ; 5000               ;
; Number of Swept Nodes Reported in Synthesis Report                         ; 5000               ; 5000               ;
; Number of Inverted Registers Reported in Synthesis Report                  ; 100                ; 100                ;
; Clock MUX Protection                                                       ; On                 ; On                 ;
; Auto Gated Clock Conversion                                                ; Off                ; Off                ;
; Block Design Naming                                                        ; Auto               ; Auto               ;
; SDC constraint protection                                                  ; Off                ; Off                ;
; Synthesis Effort                                                           ; Auto               ; Auto               ;
; Shift Register Replacement - Allow Asynchronous Clear Signal               ; On                 ; On                 ;
; Pre-Mapping Resynthesis Optimization                                       ; Off                ; Off                ;
; Analysis & Synthesis Message Level                                         ; Medium             ; Medium             ;
; Disable Register Merging Across Hierarchies                                ; Auto               ; Auto               ;
; Resource Aware Inference For Block RAM                                     ; On                 ; On                 ;
; Synthesis Seed                                                             ; 1                  ; 1                  ;
+----------------------------------------------------------------------------+--------------------+--------------------+


Parallel compilation was disabled, but you have multiple processors available. Enable parallel compilation to reduce compilation time.
+-------------------------------------+
; Parallel Compilation                ;
+----------------------------+--------+
; Processors                 ; Number ;
+----------------------------+--------+
; Number detected on machine ; 4      ;
; Maximum allowed            ; 1      ;
+----------------------------+--------+


+-----------------------------------------------------------------------------------------------------------------------------------------------------+
; Analysis & Synthesis Source Files Read                                                                                                              ;
+----------------------------------+-----------------+-----------------+--------------------------------------------------------------------+---------+
; File Name with User-Entered Path ; Used in Netlist ; File Type       ; File Name with Absolute Path                                       ; Library ;
+----------------------------------+-----------------+-----------------+--------------------------------------------------------------------+---------+
; ULA_Wrapper.vhd                  ; yes             ; User VHDL File  ; /home/100000000820483/Documentos/ULA_Wrapper2/ULA_Wrapper.vhd      ;         ;
; ULA_Control.vhd                  ; yes             ; User VHDL File  ; /home/100000000820483/Documentos/ULA_Wrapper2/ULA_Control.vhd      ;         ;
; ULA.vhd                          ; yes             ; User VHDL File  ; /home/100000000820483/Documentos/ULA_Wrapper2/ULA.vhd              ;         ;
; top.vhd                          ; yes             ; User VHDL File  ; /home/100000000820483/Documentos/ULA_Wrapper2/top.vhd              ;         ;
; somadorSubtrator.vhd             ; yes             ; User VHDL File  ; /home/100000000820483/Documentos/ULA_Wrapper2/somadorSubtrator.vhd ;         ;
; reg_file.vhd                     ; yes             ; User VHDL File  ; /home/100000000820483/Documentos/ULA_Wrapper2/reg_file.vhd         ;         ;
; mux2x1.vhd                       ; yes             ; User VHDL File  ; /home/100000000820483/Documentos/ULA_Wrapper2/mux2x1.vhd           ;         ;
; andOr.vhd                        ; yes             ; User VHDL File  ; /home/100000000820483/Documentos/ULA_Wrapper2/andOr.vhd            ;         ;
+----------------------------------+-----------------+-----------------+--------------------------------------------------------------------+---------+


+-----------------------------------------------------+
; Analysis & Synthesis Resource Usage Summary         ;
+---------------------------------------------+-------+
; Resource                                    ; Usage ;
+---------------------------------------------+-------+
; Estimated Total logic elements              ; 2,562 ;
;                                             ;       ;
; Total combinational functions               ; 1570  ;
; Logic element usage by number of LUT inputs ;       ;
;     -- 4 input functions                    ; 1467  ;
;     -- 3 input functions                    ; 100   ;
;     -- <=2 input functions                  ; 3     ;
;                                             ;       ;
; Logic elements by mode                      ;       ;
;     -- normal mode                          ; 1508  ;
;     -- arithmetic mode                      ; 62    ;
;                                             ;       ;
; Total registers                             ; 1024  ;
;     -- Dedicated logic registers            ; 1024  ;
;     -- I/O registers                        ; 0     ;
;                                             ;       ;
; I/O pins                                    ; 154   ;
; Embedded Multiplier 9-bit elements          ; 0     ;
; Maximum fan-out node                        ; clk   ;
; Maximum fan-out                             ; 1024  ;
; Total fan-out                               ; 9342  ;
; Average fan-out                             ; 3.40  ;
+---------------------------------------------+-------+


+--------------------------------------------------------------------------------------------------------------------------------------------------------------------------------------------------------------------+
; Analysis & Synthesis Resource Utilization by Entity                                                                                                                                                                ;
+---------------------------------+-------------------+--------------+-------------+--------------+---------+-----------+------+--------------+-------------------------------------------------------+--------------+
; Compilation Hierarchy Node      ; LC Combinationals ; LC Registers ; Memory Bits ; DSP Elements ; DSP 9x9 ; DSP 18x18 ; Pins ; Virtual Pins ; Full Hierarchy Name                                   ; Library Name ;
+---------------------------------+-------------------+--------------+-------------+--------------+---------+-----------+------+--------------+-------------------------------------------------------+--------------+
; |top                            ; 1570 (105)        ; 1024 (0)     ; 0           ; 0            ; 0       ; 0         ; 154  ; 0            ; |top                                                  ; work         ;
;    |ULA_Wrapper:ula_1|          ; 71 (0)            ; 0 (0)        ; 0           ; 0            ; 0       ; 0         ; 0    ; 0            ; |top|ULA_Wrapper:ula_1                                ; work         ;
;       |ULA:ula_1|               ; 65 (1)            ; 0 (0)        ; 0           ; 0            ; 0       ; 0         ; 0    ; 0            ; |top|ULA_Wrapper:ula_1|ULA:ula_1                      ; work         ;
;          |somadorSubtrator:SS0| ; 64 (64)           ; 0 (0)        ; 0           ; 0            ; 0       ; 0         ; 0    ; 0            ; |top|ULA_Wrapper:ula_1|ULA:ula_1|somadorSubtrator:SS0 ; work         ;
;       |ULA_Control:ula_ctrl_1|  ; 6 (6)             ; 0 (0)        ; 0           ; 0            ; 0       ; 0         ; 0    ; 0            ; |top|ULA_Wrapper:ula_1|ULA_Control:ula_ctrl_1         ; work         ;
;    |reg_file:regFile_1|         ; 1394 (1394)       ; 1024 (1024)  ; 0           ; 0            ; 0       ; 0         ; 0    ; 0            ; |top|reg_file:regFile_1                               ; work         ;
+---------------------------------+-------------------+--------------+-------------+--------------+---------+-----------+------+--------------+-------------------------------------------------------+--------------+
Note: For table entries with two numbers listed, the numbers in parentheses indicate the number of resources of the given type used by the specific entity alone. The numbers listed outside of parentheses indicate the total resources of the given type used by the specific entity and all of its sub-entities in the hierarchy.


+------------------------------------------------------+
; General Register Statistics                          ;
+----------------------------------------------+-------+
; Statistic                                    ; Value ;
+----------------------------------------------+-------+
; Total registers                              ; 1024  ;
; Number of registers using Synchronous Clear  ; 0     ;
; Number of registers using Synchronous Load   ; 0     ;
; Number of registers using Asynchronous Clear ; 0     ;
; Number of registers using Asynchronous Load  ; 0     ;
; Number of registers using Clock Enable       ; 1024  ;
; Number of registers using Preset             ; 0     ;
+----------------------------------------------+-------+


+------------------------------------------------------------------------------------------------------------------------------------------------------------------+
; Multiplexer Restructuring Statistics (Restructuring Performed)                                                                                                   ;
+--------------------+-----------+---------------+----------------------+------------------------+------------+----------------------------------------------------+
; Multiplexer Inputs ; Bus Width ; Baseline Area ; Area if Restructured ; Saving if Restructured ; Registered ; Example Multiplexer Output                         ;
+--------------------+-----------+---------------+----------------------+------------------------+------------+----------------------------------------------------+
; 4:1                ; 2 bits    ; 4 LEs         ; 4 LEs                ; 0 LEs                  ; No         ; |top|ULA_Wrapper:ula_1|ULA_Control:ula_ctrl_1|Mux5 ;
; 6:1                ; 30 bits   ; 120 LEs       ; 120 LEs              ; 0 LEs                  ; No         ; |top|i_wData3[4]                                   ;
+--------------------+-----------+---------------+----------------------+------------------------+------------+----------------------------------------------------+


+-------------------------------+
; Elapsed Time Per Partition    ;
+----------------+--------------+
; Partition Name ; Elapsed Time ;
+----------------+--------------+
; Top            ; 00:00:02     ;
+----------------+--------------+


+-------------------------------+
; Analysis & Synthesis Messages ;
+-------------------------------+
Info: *******************************************************************
Info: Running Quartus II 64-Bit Analysis & Synthesis
    Info: Version 13.0.1 Build 232 06/12/2013 Service Pack 1 SJ Web Edition
    Info: Processing started: Thu Jun  7 08:51:37 2018
Info: Command: quartus_map --read_settings_files=on --write_settings_files=off top -c top
Warning (20028): Parallel compilation is not licensed and has been disabled
Info (12021): Found 2 design units, including 1 entities, in source file ULA_Wrapper.vhd
    Info (12022): Found design unit 1: ULA_Wrapper-estrutura
    Info (12023): Found entity 1: ULA_Wrapper
Info (12021): Found 2 design units, including 1 entities, in source file ULA_Control.vhd
    Info (12022): Found design unit 1: ULA_Control-estrutura
    Info (12023): Found entity 1: ULA_Control
Info (12021): Found 2 design units, including 1 entities, in source file ULA.vhd
    Info (12022): Found design unit 1: ULA-estrutura
    Info (12023): Found entity 1: ULA
Info (12021): Found 2 design units, including 1 entities, in source file top.vhd
    Info (12022): Found design unit 1: top-estrutura
    Info (12023): Found entity 1: top
Info (12021): Found 2 design units, including 1 entities, in source file somadorSubtrator.vhd
    Info (12022): Found design unit 1: somadorSubtrator-comportamento
    Info (12023): Found entity 1: somadorSubtrator
Info (12021): Found 2 design units, including 1 entities, in source file reg_file.vhd
    Info (12022): Found design unit 1: reg_file-behave
    Info (12023): Found entity 1: reg_file
Info (12021): Found 2 design units, including 1 entities, in source file mux2x1.vhd
    Info (12022): Found design unit 1: mux2x1-comportamento
    Info (12023): Found entity 1: mux2x1
Info (12021): Found 2 design units, including 1 entities, in source file andOr.vhd
    Info (12022): Found design unit 1: andOr-comportamento
    Info (12023): Found entity 1: andOr
Info (12127): Elaborating entity "top" for the top level hierarchy
Info (12128): Elaborating entity "ULA_Wrapper" for hierarchy "ULA_Wrapper:ula_1"
Info (12128): Elaborating entity "ULA_Control" for hierarchy "ULA_Wrapper:ula_1|ULA_Control:ula_ctrl_1"
Info (12128): Elaborating entity "ULA" for hierarchy "ULA_Wrapper:ula_1|ULA:ula_1"
Info (12128): Elaborating entity "somadorSubtrator" for hierarchy "ULA_Wrapper:ula_1|ULA:ula_1|somadorSubtrator:SS0"
Info (10041): Inferred latch for "s[0]" at somadorSubtrator.vhd(19)
Info (10041): Inferred latch for "s[1]" at somadorSubtrator.vhd(19)
Info (10041): Inferred latch for "s[2]" at somadorSubtrator.vhd(19)
Info (10041): Inferred latch for "s[3]" at somadorSubtrator.vhd(19)
Info (10041): Inferred latch for "s[4]" at somadorSubtrator.vhd(19)
Info (10041): Inferred latch for "s[5]" at somadorSubtrator.vhd(19)
Info (10041): Inferred latch for "s[6]" at somadorSubtrator.vhd(19)
Info (10041): Inferred latch for "s[7]" at somadorSubtrator.vhd(19)
Info (10041): Inferred latch for "s[8]" at somadorSubtrator.vhd(19)
Info (10041): Inferred latch for "s[9]" at somadorSubtrator.vhd(19)
Info (10041): Inferred latch for "s[10]" at somadorSubtrator.vhd(19)
Info (10041): Inferred latch for "s[11]" at somadorSubtrator.vhd(19)
Info (10041): Inferred latch for "s[12]" at somadorSubtrator.vhd(19)
Info (10041): Inferred latch for "s[13]" at somadorSubtrator.vhd(19)
Info (10041): Inferred latch for "s[14]" at somadorSubtrator.vhd(19)
Info (10041): Inferred latch for "s[15]" at somadorSubtrator.vhd(19)
Info (10041): Inferred latch for "s[16]" at somadorSubtrator.vhd(19)
Info (10041): Inferred latch for "s[17]" at somadorSubtrator.vhd(19)
Info (10041): Inferred latch for "s[18]" at somadorSubtrator.vhd(19)
Info (10041): Inferred latch for "s[19]" at somadorSubtrator.vhd(19)
Info (10041): Inferred latch for "s[20]" at somadorSubtrator.vhd(19)
Info (10041): Inferred latch for "s[21]" at somadorSubtrator.vhd(19)
Info (10041): Inferred latch for "s[22]" at somadorSubtrator.vhd(19)
Info (10041): Inferred latch for "s[23]" at somadorSubtrator.vhd(19)
Info (10041): Inferred latch for "s[24]" at somadorSubtrator.vhd(19)
Info (10041): Inferred latch for "s[25]" at somadorSubtrator.vhd(19)
Info (10041): Inferred latch for "s[26]" at somadorSubtrator.vhd(19)
Info (10041): Inferred latch for "s[27]" at somadorSubtrator.vhd(19)
Info (10041): Inferred latch for "s[28]" at somadorSubtrator.vhd(19)
Info (10041): Inferred latch for "s[29]" at somadorSubtrator.vhd(19)
Info (10041): Inferred latch for "s[30]" at somadorSubtrator.vhd(19)
Info (10041): Inferred latch for "s[31]" at somadorSubtrator.vhd(19)
Info (12128): Elaborating entity "andOr" for hierarchy "ULA_Wrapper:ula_1|ULA:ula_1|andOr:AO0"
Info (10041): Inferred latch for "s[0]" at andOr.vhd(19)
Info (10041): Inferred latch for "s[1]" at andOr.vhd(19)
Info (10041): Inferred latch for "s[2]" at andOr.vhd(19)
Info (10041): Inferred latch for "s[3]" at andOr.vhd(19)
Info (10041): Inferred latch for "s[4]" at andOr.vhd(19)
Info (10041): Inferred latch for "s[5]" at andOr.vhd(19)
Info (10041): Inferred latch for "s[6]" at andOr.vhd(19)
Info (10041): Inferred latch for "s[7]" at andOr.vhd(19)
Info (10041): Inferred latch for "s[8]" at andOr.vhd(19)
Info (10041): Inferred latch for "s[9]" at andOr.vhd(19)
Info (10041): Inferred latch for "s[10]" at andOr.vhd(19)
Info (10041): Inferred latch for "s[11]" at andOr.vhd(19)
Info (10041): Inferred latch for "s[12]" at andOr.vhd(19)
Info (10041): Inferred latch for "s[13]" at andOr.vhd(19)
Info (10041): Inferred latch for "s[14]" at andOr.vhd(19)
Info (10041): Inferred latch for "s[15]" at andOr.vhd(19)
Info (10041): Inferred latch for "s[16]" at andOr.vhd(19)
Info (10041): Inferred latch for "s[17]" at andOr.vhd(19)
Info (10041): Inferred latch for "s[18]" at andOr.vhd(19)
Info (10041): Inferred latch for "s[19]" at andOr.vhd(19)
Info (10041): Inferred latch for "s[20]" at andOr.vhd(19)
Info (10041): Inferred latch for "s[21]" at andOr.vhd(19)
Info (10041): Inferred latch for "s[22]" at andOr.vhd(19)
Info (10041): Inferred latch for "s[23]" at andOr.vhd(19)
Info (10041): Inferred latch for "s[24]" at andOr.vhd(19)
Info (10041): Inferred latch for "s[25]" at andOr.vhd(19)
Info (10041): Inferred latch for "s[26]" at andOr.vhd(19)
Info (10041): Inferred latch for "s[27]" at andOr.vhd(19)
Info (10041): Inferred latch for "s[28]" at andOr.vhd(19)
Info (10041): Inferred latch for "s[29]" at andOr.vhd(19)
Info (10041): Inferred latch for "s[30]" at andOr.vhd(19)
Info (10041): Inferred latch for "s[31]" at andOr.vhd(19)
Info (12128): Elaborating entity "mux2x1" for hierarchy "ULA_Wrapper:ula_1|ULA:ula_1|mux2x1:Mu0"
Info (12128): Elaborating entity "reg_file" for hierarchy "reg_file:regFile_1"
Info (276014): Found 1 instances of uninferred RAM logic
    Info (276007): RAM logic "reg_file:regFile_1|mem" is uninferred due to asynchronous read logic
Info (16010): Generating hard_block partition "hard_block:auto_generated_inst"
    Info (16011): Adding 0 node(s), including 0 DDIO, 0 PLL, 0 transceiver and 0 LCELL
Info (21057): Implemented 2748 device resources after synthesis - the final resource count might be different
    Info (21058): Implemented 58 input pins
    Info (21059): Implemented 96 output pins
    Info (21061): Implemented 2594 logic cells
Info: Quartus II 64-Bit Analysis & Synthesis was successful. 0 errors, 1 warning
    Info: Peak virtual memory: 687 megabytes
    Info: Processing ended: Thu Jun  7 08:51:41 2018
    Info: Elapsed time: 00:00:04
    Info: Total CPU time (on all processors): 00:00:04


